#
# There is insufficient memory for the Java Runtime Environment to continue.
# Native memory allocation (malloc) failed to allocate 1048576 bytes for AllocateHeap
# Possible reasons:
#   The system is out of physical RAM or swap space
#   In 32 bit mode, the process size limit was hit
# Possible solutions:
#   Reduce memory load on the system
#   Increase physical memory or swap space
#   Check if swap backing store is full
#   Use 64 bit Java on a 64 bit OS
#   Decrease Java heap size (-Xmx/-Xms)
#   Decrease number of Java threads
#   Decrease Java thread stack sizes (-Xss)
#   Set larger code cache with -XX:ReservedCodeCacheSize=
# This output file may be truncated or incomplete.
#
#  Out of Memory Error (memory/allocation.inline.hpp:61), pid=22852, tid=0x0000000000007298
#
# JRE version:  (8.0) (build )
# Java VM: OpenJDK 64-Bit Server VM (25.71-b00 mixed mode windows-amd64 compressed oops)
# Failed to write core dump. Minidumps are not enabled by default on client versions of Windows
#

---------------  T H R E A D  ---------------

Current thread (0x0000000003192800):  JavaThread "Unknown thread" [_thread_in_vm, id=29336, stack(0x0000000003090000,0x0000000003190000)]

Stack: [0x0000000003090000,0x0000000003190000]
[error occurred during error reporting (printing stack bounds), id 0xc0000005]

Native frames: (J=compiled Java code, j=interpreted, Vv=VM code, C=native code)


---------------  P R O C E S S  ---------------

Java Threads: ( => current thread )

Other Threads:

=>0x0000000003192800 (exited) JavaThread "Unknown thread" [_thread_in_vm, id=29336, stack(0x0000000003090000,0x0000000003190000)]

VM state:not at safepoint (normal execution)

VM Mutex/Monitor currently owned by a thread: None

Heap:
 PSYoungGen      total 76288K, used 1310K [0x000000076af00000, 0x0000000770400000, 0x00000007c0000000)
  eden space 65536K, 2% used [0x000000076af00000,0x000000076b047af0,0x000000076ef00000)
  from space 10752K, 0% used [0x000000076f980000,0x000000076f980000,0x0000000770400000)
  to   space 10752K, 0% used [0x000000076ef00000,0x000000076ef00000,0x000000076f980000)
 ParOldGen       total 175104K, used 0K [0x00000006c0c00000, 0x00000006cb700000, 0x000000076af00000)
  object space 175104K, 0% used [0x00000006c0c00000,0x00000006c0c00000,0x00000006cb700000)
 Metaspace       used 777K, capacity 4480K, committed 4480K, reserved 1056768K
  class space    used 74K, capacity 384K, committed 384K, reserved 1048576K

Card table byte_map: [0x0000000012650000,0x0000000012e50000] byte_map_base: 0x000000000f04a000

Marking Bits: (ParMarkBitMap*) 0x0000000065cebe50
 Begin Bits: [0x0000000013db0000, 0x0000000017d80000)
 End Bits:   [0x0000000017d80000, 0x000000001bd50000)

Polling page: 0x0000000001360000

CodeCache: size=245760Kb used=327Kb max_used=327Kb free=245432Kb
 bounds [0x0000000003290000, 0x0000000003500000, 0x0000000012290000]
 total_blobs=56 nmethods=0 adapters=38
 compilation: enabled

Compilation events (0 events):
No events

GC Heap History (0 events):
No events

Deoptimization events (0 events):
No events

Classes redefined (0 events):
No events

Internal exceptions (0 events):
No events

Events (10 events):
Event: 0.016 loading class java/lang/Short
Event: 0.016 loading class java/lang/Short done
Event: 0.016 loading class java/lang/Integer
Event: 0.016 loading class java/lang/Integer done
Event: 0.016 loading class java/lang/Long
Event: 0.016 loading class java/lang/Long done
Event: 0.016 loading class java/lang/NullPointerException
Event: 0.016 loading class java/lang/NullPointerException done
Event: 0.016 loading class java/lang/ArithmeticException
Event: 0.016 loading class java/lang/ArithmeticException done


Dynamic libraries:
0x00007ff6e5d30000 - 0x00007ff6e5d65000 	C:\Unity\Hub\Editor\2019.4.8f1\Editor\Data\PlaybackEngines\AndroidPlayer\OpenJDK\bin\java.exe
0x00007ff9430a0000 - 0x00007ff943290000 	C:\Windows\SYSTEM32\ntdll.dll
0x00007ff941360000 - 0x00007ff941412000 	C:\Windows\System32\KERNEL32.DLL
0x00007ff940cd0000 - 0x00007ff940f74000 	C:\Windows\System32\KERNELBASE.dll
0x00007ff941180000 - 0x00007ff941223000 	C:\Windows\System32\ADVAPI32.dll
0x00007ff942c40000 - 0x00007ff942cde000 	C:\Windows\System32\msvcrt.dll
0x00007ff942590000 - 0x00007ff942627000 	C:\Windows\System32\sechost.dll
0x00007ff941870000 - 0x00007ff941990000 	C:\Windows\System32\RPCRT4.dll
0x00007ff942630000 - 0x00007ff9427c5000 	C:\Windows\System32\USER32.dll
0x00007ff940bf0000 - 0x00007ff940c11000 	C:\Windows\System32\win32u.dll
0x00007ff942d90000 - 0x00007ff942db6000 	C:\Windows\System32\GDI32.dll
0x00007ff940020000 - 0x00007ff9401b6000 	C:\Windows\System32\gdi32full.dll
0x00007ff9401c0000 - 0x00007ff94025e000 	C:\Windows\System32\msvcp_win.dll
0x00007ff940f80000 - 0x00007ff94107a000 	C:\Windows\System32\ucrtbase.dll
0x00007ff92d7e0000 - 0x00007ff92da64000 	C:\Windows\WinSxS\amd64_microsoft.windows.common-controls_6595b64144ccf1df_6.0.18362.1016_none_9e7a36bbe461dae4\COMCTL32.dll
0x00007ff941a60000 - 0x00007ff941d95000 	C:\Windows\System32\combase.dll
0x00007ff941080000 - 0x00007ff941100000 	C:\Windows\System32\bcryptPrimitives.dll
0x00007ff941150000 - 0x00007ff94117e000 	C:\Windows\System32\IMM32.DLL
0x0000000065d70000 - 0x0000000065e42000 	C:\Unity\Hub\Editor\2019.4.8f1\Editor\Data\PlaybackEngines\AndroidPlayer\OpenJDK\jre\bin\msvcr100.dll
0x0000000065520000 - 0x0000000065d69000 	C:\Unity\Hub\Editor\2019.4.8f1\Editor\Data\PlaybackEngines\AndroidPlayer\OpenJDK\jre\bin\server\jvm.dll
0x00007ff941e90000 - 0x00007ff941e98000 	C:\Windows\System32\PSAPI.DLL
0x00007ff93e0b0000 - 0x00007ff93e0d4000 	C:\Windows\SYSTEM32\WINMM.dll
0x00007ff930cc0000 - 0x00007ff930cc9000 	C:\Windows\SYSTEM32\WSOCK32.dll
0x00007ff93ade0000 - 0x00007ff93adea000 	C:\Windows\SYSTEM32\VERSION.dll
0x00007ff9419f0000 - 0x00007ff941a5f000 	C:\Windows\System32\WS2_32.dll
0x00007ff93df50000 - 0x00007ff93df7d000 	C:\Windows\SYSTEM32\winmmbase.dll
0x00007ff941100000 - 0x00007ff94114a000 	C:\Windows\System32\cfgmgr32.dll
0x00007ff934d80000 - 0x00007ff934d8f000 	C:\Unity\Hub\Editor\2019.4.8f1\Editor\Data\PlaybackEngines\AndroidPlayer\OpenJDK\jre\bin\verify.dll
0x00007ff914d20000 - 0x00007ff914d49000 	C:\Unity\Hub\Editor\2019.4.8f1\Editor\Data\PlaybackEngines\AndroidPlayer\OpenJDK\jre\bin\java.dll
0x00007ff92e4d0000 - 0x00007ff92e4e6000 	C:\Unity\Hub\Editor\2019.4.8f1\Editor\Data\PlaybackEngines\AndroidPlayer\OpenJDK\jre\bin\zip.dll

VM Arguments:
jvm_args: -Dfile.encoding=UTF-8 
java_command: org.gradle.launcher.GradleMain -Dorg.gradle.jvmargs=-Xmx4096m --stop
java_class_path (initial): C:\Unity\Hub\Editor\2019.4.8f1\Editor\Data\PlaybackEngines\AndroidPlayer\Tools\gradle\lib\gradle-launcher-5.1.1.jar
Launcher Type: SUN_STANDARD

Environment Variables:
JAVA_HOME=C:/Unity/Hub/Editor/2019.4.8f1/Editor/Data/PlaybackEngines/AndroidPlayer\OpenJDK
JAVA_TOOL_OPTIONS=-Dfile.encoding=UTF-8
PATH=C:\Windows\system32;C:\Windows;C:\Windows\System32\Wbem;C:\Windows\System32\WindowsPowerShell\v1.0\;C:\Windows\System32\OpenSSH\;C:\Program Files\Git\cmd;C:\Program Files\Dart\dart-sdk\bin;C:\Programs\flutter\bin;C:\Program Files\nodejs\;C:\Program Files\Microsoft SQL Server\130\Tools\Binn\;C:\Users\monas\AppData\Local\Microsoft\WindowsApps;;C:\Program Files\JetBrains\IntelliJ IDEA 2019.2.2\bin;;C:\Program Files\JetBrains\WebStorm 2019.3.1\bin;;C:\Program Files\heroku\bin;C:\Program Files\Salesforce CLI\bin;C:\Users\monas\AppData\Roaming\npm;E:\JetBrains Rider 2020.1.4\bin;
USERNAME=monas
OS=Windows_NT
PROCESSOR_IDENTIFIER=AMD64 Family 23 Model 8 Stepping 2, AuthenticAMD



---------------  S Y S T E M  ---------------

OS: Windows 10.0 , 64 bit Build 18362 (10.0.18362.959)

CPU:total 12 (initial active 12) (12 cores per cpu, 1 threads per core) family 23 model 8 stepping 2, cmov, cx8, fxsr, mmx, sse, sse2, sse3, ssse3, sse4.1, sse4.2, popcnt, avx, avx2, aes, clmul, mmxext, 3dnowpref, lzcnt, sse4a, tsc, tscinvbit, tscinv, bmi1

Memory: 4k page, physical 16726996k(4155848k free), swap 25115604k(40704k free)

vm_info: OpenJDK 64-Bit Server VM (25.71-b00) for windows-amd64 JRE (1.8.0-adoptopenjdk-_2018_05_19_00_59-b00), built on May 19 2018 01:02:12 by "jenkins" with MS VC++ 10.0 (VS2010)

time: Tue Sep 08 20:20:13 2020
elapsed time: 0 seconds (0d 0h 0m 0s)

